<?xml version="1.0" encoding="UTF-8" ?>
<testsuite tests="72" failures="0" name="ru.sfedu.hospital2.lab3.MappedSuperClass.HibernateDataProviderTest" time="23.491" errors="0" skipped="0">
  <properties>
    <property name="java.runtime.name" value="OpenJDK Runtime Environment"/>
    <property name="java.vm.version" value="12.0.1+12"/>
    <property name="sun.boot.library.path" value="C:\Program Files (x86)\Java\jdk-12.0.1\bin"/>
    <property name="maven.multiModuleProjectDirectory" value="E:\Liza\Documents\NetBeansProjects\hospital2"/>
    <property name="java.vm.vendor" value="Oracle Corporation"/>
    <property name="java.vendor.url" value="https://java.oracle.com/"/>
    <property name="guice.disable.misplaced.annotation.check" value="true"/>
    <property name="path.separator" value=";"/>
    <property name="java.vm.name" value="OpenJDK 64-Bit Server VM"/>
    <property name="sun.os.patch.level" value=""/>
    <property name="user.script" value=""/>
    <property name="user.country" value="RU"/>
    <property name="sun.java.launcher" value="SUN_STANDARD"/>
    <property name="java.vm.specification.name" value="Java Virtual Machine Specification"/>
    <property name="user.dir" value="E:\Liza\Documents\NetBeansProjects\hospital2"/>
    <property name="java.vm.compressedOopsMode" value="32-bit"/>
    <property name="java.runtime.version" value="12.0.1+12"/>
    <property name="java.awt.graphicsenv" value="sun.awt.Win32GraphicsEnvironment"/>
    <property name="os.arch" value="amd64"/>
    <property name="java.io.tmpdir" value="C:\Users\Liza\AppData\Local\Temp\"/>
    <property name="line.separator" value="
"/>
    <property name="java.vm.specification.vendor" value="Oracle Corporation"/>
    <property name="user.variant" value=""/>
    <property name="os.name" value="Windows 10"/>
    <property name="maven.ext.class.path" value="C:\Program Files\NetBeans-12.0\netbeans\java\maven-nblib\netbeans-eventspy.jar"/>
    <property name="classworlds.conf" value="C:\Program Files\NetBeans-12.0\netbeans\java\maven\bin\..\bin\m2.conf"/>
    <property name="sun.jnu.encoding" value="Cp1251"/>
    <property name="java.library.path" value="C:\Program Files (x86)\Java\jdk-12.0.1\bin;C:\WINDOWS\Sun\Java\bin;C:\WINDOWS\system32;C:\WINDOWS;C:\Program Files (x86)\Java\jdk-12.0.1\bin;C:\Program Files (x86)\Common Files\Oracle\Java\javapath;C:\WINDOWS\system32;C:\WINDOWS;C:\WINDOWS\System32\Wbem;C:\WINDOWS\System32\WindowsPowerShell\v1.0\;C:\Program Files\Microsoft SQL Server\130\Tools\Binn\;C:\Program Files\dotnet\;C:\WINDOWS\System32\OpenSSH\;C:\Program Files\Microsoft SQL Server\Client SDK\ODBC\130\Tools\Binn\;C:\Program Files (x86)\Microsoft SQL Server\140\Tools\Binn\;C:\Program Files\Microsoft SQL Server\140\Tools\Binn\;C:\Program Files\Microsoft SQL Server\140\DTS\Binn\;C:\Program Files (x86)\Microsoft SQL Server\150\DTS\Binn\;E:\Program Files\Git\cmd;C:\Users\Liza\AppData\Local\Programs\Python\Python38-32\Scripts\;C:\Users\Liza\AppData\Local\Programs\Python\Python38-32\;C:\Users\Liza\AppData\Local\Microsoft\WindowsApps;;."/>
    <property name="maven.conf" value="C:\Program Files\NetBeans-12.0\netbeans\java\maven\bin\../conf"/>
    <property name="jdk.debug" value="release"/>
    <property name="java.class.version" value="56.0"/>
    <property name="java.specification.name" value="Java Platform API Specification"/>
    <property name="sun.management.compiler" value="HotSpot 64-Bit Tiered Compilers"/>
    <property name="os.version" value="10.0"/>
    <property name="library.jansi.path" value="C:\Program Files\NetBeans-12.0\netbeans\java\maven\bin\..\lib\jansi-native"/>
    <property name="user.home" value="C:\Users\Liza"/>
    <property name="user.timezone" value="Europe/Moscow"/>
    <property name="file.encoding" value="UTF-8"/>
    <property name="java.specification.version" value="12"/>
    <property name="user.name" value="Liza"/>
    <property name="java.class.path" value="C:\Program Files\NetBeans-12.0\netbeans\java\maven\bin\..\boot\plexus-classworlds-2.6.0.jar"/>
    <property name="java.vm.specification.version" value="12"/>
    <property name="sun.arch.data.model" value="64"/>
    <property name="sun.java.command" value="org.codehaus.plexus.classworlds.launcher.Launcher -Dmaven.ext.class.path=C:\Program Files\NetBeans-12.0\netbeans\java\maven-nblib\netbeans-eventspy.jar -Dfile.encoding=UTF-8 clean install"/>
    <property name="java.home" value="C:\Program Files (x86)\Java\jdk-12.0.1"/>
    <property name="user.language" value="ru"/>
    <property name="java.specification.vendor" value="Oracle Corporation"/>
    <property name="awt.toolkit" value="sun.awt.windows.WToolkit"/>
    <property name="java.vm.info" value="mixed mode, sharing"/>
    <property name="java.version" value="12.0.1"/>
    <property name="java.vendor" value="Oracle Corporation"/>
    <property name="maven.home" value="C:\Program Files\NetBeans-12.0\netbeans\java\maven\bin\.."/>
    <property name="file.separator" value="\"/>
    <property name="java.version.date" value="2019-04-16"/>
    <property name="java.vendor.url.bug" value="https://bugreport.java.com/bugreport/"/>
    <property name="sun.io.unicode.encoding" value="UnicodeLittle"/>
    <property name="sun.cpu.endian" value="little"/>
    <property name="sun.desktop" value="windows"/>
    <property name="sun.cpu.isalist" value="amd64"/>
  </properties>
  <testcase classname="ru.sfedu.hospital2.lab3.MappedSuperClass.HibernateDataProviderTest" name="testUpdateHospitalization" time="1.045"/>
  <testcase classname="ru.sfedu.hospital2.lab3.MappedSuperClass.HibernateDataProviderTest" name="testDeleteEmployee" time="0.063"/>
  <testcase classname="ru.sfedu.hospital2.lab3.MappedSuperClass.HibernateDataProviderTest" name="testGetDiagnosis" time="0.562"/>
  <testcase classname="ru.sfedu.hospital2.lab3.MappedSuperClass.HibernateDataProviderTest" name="testUpdateDiagnosis" time="0.722"/>
  <testcase classname="ru.sfedu.hospital2.lab3.MappedSuperClass.HibernateDataProviderTest" name="testUpdateHospitalizationFail" time="0.669"/>
  <testcase classname="ru.sfedu.hospital2.lab3.MappedSuperClass.HibernateDataProviderTest" name="testGetMedicalInsuranceFail" time="0.109"/>
  <testcase classname="ru.sfedu.hospital2.lab3.MappedSuperClass.HibernateDataProviderTest" name="testDeleteMedicalInsurance" time="0.157"/>
  <testcase classname="ru.sfedu.hospital2.lab3.MappedSuperClass.HibernateDataProviderTest" name="testUpdateMedicalInsuranceFail" time="0.093"/>
  <testcase classname="ru.sfedu.hospital2.lab3.MappedSuperClass.HibernateDataProviderTest" name="testUpdateMedicalInsurance" time="0.656"/>
  <testcase classname="ru.sfedu.hospital2.lab3.MappedSuperClass.HibernateDataProviderTest" name="testCreateSurvey" time="0.031"/>
  <testcase classname="ru.sfedu.hospital2.lab3.MappedSuperClass.HibernateDataProviderTest" name="testDeleteAppointmentFail" time="0.11"/>
  <testcase classname="ru.sfedu.hospital2.lab3.MappedSuperClass.HibernateDataProviderTest" name="testCreateHospitalFail" time="0.015"/>
  <testcase classname="ru.sfedu.hospital2.lab3.MappedSuperClass.HibernateDataProviderTest" name="testGetEmployee" time="0.047"/>
  <testcase classname="ru.sfedu.hospital2.lab3.MappedSuperClass.HibernateDataProviderTest" name="testDeletePatientFail" time="0.516"/>
  <testcase classname="ru.sfedu.hospital2.lab3.MappedSuperClass.HibernateDataProviderTest" name="testCreateAppointmentFail" time="0.015"/>
  <testcase classname="ru.sfedu.hospital2.lab3.MappedSuperClass.HibernateDataProviderTest" name="testCreateEmployeeFail" time="0"/>
  <testcase classname="ru.sfedu.hospital2.lab3.MappedSuperClass.HibernateDataProviderTest" name="testGetPatientFail" time="0.016"/>
  <testcase classname="ru.sfedu.hospital2.lab3.MappedSuperClass.HibernateDataProviderTest" name="testGetHospitalization" time="0.141"/>
  <testcase classname="ru.sfedu.hospital2.lab3.MappedSuperClass.HibernateDataProviderTest" name="testGetMedicalInsurance" time="1.031"/>
  <testcase classname="ru.sfedu.hospital2.lab3.MappedSuperClass.HibernateDataProviderTest" name="testGetDiagnosisFail" time="0.156"/>
  <testcase classname="ru.sfedu.hospital2.lab3.MappedSuperClass.HibernateDataProviderTest" name="testCreatePatientFail" time="0.016"/>
  <testcase classname="ru.sfedu.hospital2.lab3.MappedSuperClass.HibernateDataProviderTest" name="testCreatePatient" time="0"/>
  <testcase classname="ru.sfedu.hospital2.lab3.MappedSuperClass.HibernateDataProviderTest" name="testCreatePayment" time="0.578"/>
  <testcase classname="ru.sfedu.hospital2.lab3.MappedSuperClass.HibernateDataProviderTest" name="testDeleteDiagnosisFail" time="0.531"/>
  <testcase classname="ru.sfedu.hospital2.lab3.MappedSuperClass.HibernateDataProviderTest" name="testDeleteMedicalInsuranceFail" time="0.5"/>
  <testcase classname="ru.sfedu.hospital2.lab3.MappedSuperClass.HibernateDataProviderTest" name="testUpdateHospital" time="0.031"/>
  <testcase classname="ru.sfedu.hospital2.lab3.MappedSuperClass.HibernateDataProviderTest" name="testDeleteHospitalFail" time="0.016"/>
  <testcase classname="ru.sfedu.hospital2.lab3.MappedSuperClass.HibernateDataProviderTest" name="testUpdatePaymentFail" time="0.016"/>
  <testcase classname="ru.sfedu.hospital2.lab3.MappedSuperClass.HibernateDataProviderTest" name="testCreateHospital" time="0.015"/>
  <testcase classname="ru.sfedu.hospital2.lab3.MappedSuperClass.HibernateDataProviderTest" name="testUpdateDiagnosisFail" time="0.047"/>
  <testcase classname="ru.sfedu.hospital2.lab3.MappedSuperClass.HibernateDataProviderTest" name="testUpdateAppointment" time="0.832"/>
  <testcase classname="ru.sfedu.hospital2.lab3.MappedSuperClass.HibernateDataProviderTest" name="testGetHospitalFail" time="0"/>
  <testcase classname="ru.sfedu.hospital2.lab3.MappedSuperClass.HibernateDataProviderTest" name="testUpdateAppointmentFail" time="0.063"/>
  <testcase classname="ru.sfedu.hospital2.lab3.MappedSuperClass.HibernateDataProviderTest" name="testGetPatient" time="0"/>
  <testcase classname="ru.sfedu.hospital2.lab3.MappedSuperClass.HibernateDataProviderTest" name="testGetPayment" time="0.769"/>
  <testcase classname="ru.sfedu.hospital2.lab3.MappedSuperClass.HibernateDataProviderTest" name="testCreateDiagnosis" time="0.125"/>
  <testcase classname="ru.sfedu.hospital2.lab3.MappedSuperClass.HibernateDataProviderTest" name="testDeleteEmployeeFail" time="0.016"/>
  <testcase classname="ru.sfedu.hospital2.lab3.MappedSuperClass.HibernateDataProviderTest" name="testUpdatePatient" time="0"/>
  <testcase classname="ru.sfedu.hospital2.lab3.MappedSuperClass.HibernateDataProviderTest" name="testUpdatePayment" time="1.132"/>
  <testcase classname="ru.sfedu.hospital2.lab3.MappedSuperClass.HibernateDataProviderTest" name="testUpdateHospitalFail" time="0.016"/>
  <testcase classname="ru.sfedu.hospital2.lab3.MappedSuperClass.HibernateDataProviderTest" name="testGetEmployeeFail" time="0.015"/>
  <testcase classname="ru.sfedu.hospital2.lab3.MappedSuperClass.HibernateDataProviderTest" name="testUpdateEmployeeFail" time="0.016"/>
  <testcase classname="ru.sfedu.hospital2.lab3.MappedSuperClass.HibernateDataProviderTest" name="testUpdateSurvey" time="0.078"/>
  <testcase classname="ru.sfedu.hospital2.lab3.MappedSuperClass.HibernateDataProviderTest" name="testCreateSurveyFail" time="0.696"/>
  <testcase classname="ru.sfedu.hospital2.lab3.MappedSuperClass.HibernateDataProviderTest" name="testDeleteSurvey" time="0.08"/>
  <testcase classname="ru.sfedu.hospital2.lab3.MappedSuperClass.HibernateDataProviderTest" name="testGetHospitalizationFail" time="0.014"/>
  <testcase classname="ru.sfedu.hospital2.lab3.MappedSuperClass.HibernateDataProviderTest" name="testGetAppointmentFail" time="0.121"/>
  <testcase classname="ru.sfedu.hospital2.lab3.MappedSuperClass.HibernateDataProviderTest" name="testCreateMedicalInsurance" time="1.196"/>
  <testcase classname="ru.sfedu.hospital2.lab3.MappedSuperClass.HibernateDataProviderTest" name="testDeletePaymentFail" time="0.219"/>
  <testcase classname="ru.sfedu.hospital2.lab3.MappedSuperClass.HibernateDataProviderTest" name="testDeleteAppointment" time="0.47"/>
  <testcase classname="ru.sfedu.hospital2.lab3.MappedSuperClass.HibernateDataProviderTest" name="testDeleteHospital" time="0.059"/>
  <testcase classname="ru.sfedu.hospital2.lab3.MappedSuperClass.HibernateDataProviderTest" name="testUpdateEmployee" time="0.531"/>
  <testcase classname="ru.sfedu.hospital2.lab3.MappedSuperClass.HibernateDataProviderTest" name="testGetPaymentFail" time="0.141"/>
  <testcase classname="ru.sfedu.hospital2.lab3.MappedSuperClass.HibernateDataProviderTest" name="testCreateEmployee" time="0"/>
  <testcase classname="ru.sfedu.hospital2.lab3.MappedSuperClass.HibernateDataProviderTest" name="testDeletePatient" time="0.015"/>
  <testcase classname="ru.sfedu.hospital2.lab3.MappedSuperClass.HibernateDataProviderTest" name="testDeletePayment" time="0.955"/>
  <testcase classname="ru.sfedu.hospital2.lab3.MappedSuperClass.HibernateDataProviderTest" name="testGetSurveyFail" time="0.088"/>
  <testcase classname="ru.sfedu.hospital2.lab3.MappedSuperClass.HibernateDataProviderTest" name="testGetAppointment" time="0.142"/>
  <testcase classname="ru.sfedu.hospital2.lab3.MappedSuperClass.HibernateDataProviderTest" name="testDeleteHospitalization" time="1.092"/>
  <testcase classname="ru.sfedu.hospital2.lab3.MappedSuperClass.HibernateDataProviderTest" name="testCreateHospitalization" time="0.363"/>
  <testcase classname="ru.sfedu.hospital2.lab3.MappedSuperClass.HibernateDataProviderTest" name="testDeleteSurveyFail" time="0.951"/>
  <testcase classname="ru.sfedu.hospital2.lab3.MappedSuperClass.HibernateDataProviderTest" name="testCreateDiagnosisFail" time="0.172"/>
  <testcase classname="ru.sfedu.hospital2.lab3.MappedSuperClass.HibernateDataProviderTest" name="testGetHospital" time="0"/>
  <testcase classname="ru.sfedu.hospital2.lab3.MappedSuperClass.HibernateDataProviderTest" name="testCreatePaymentFail" time="1.063"/>
  <testcase classname="ru.sfedu.hospital2.lab3.MappedSuperClass.HibernateDataProviderTest" name="testUpdateSurveyFail" time="0.125"/>
  <testcase classname="ru.sfedu.hospital2.lab3.MappedSuperClass.HibernateDataProviderTest" name="testCreateAppointment" time="0.39"/>
  <testcase classname="ru.sfedu.hospital2.lab3.MappedSuperClass.HibernateDataProviderTest" name="testUpdatePatientFail" time="0.063"/>
  <testcase classname="ru.sfedu.hospital2.lab3.MappedSuperClass.HibernateDataProviderTest" name="testDeleteHospitalizationFail" time="0.765"/>
  <testcase classname="ru.sfedu.hospital2.lab3.MappedSuperClass.HibernateDataProviderTest" name="testGetSurvey" time="0.548"/>
  <testcase classname="ru.sfedu.hospital2.lab3.MappedSuperClass.HibernateDataProviderTest" name="testDeleteDiagnosis" time="1.092"/>
  <testcase classname="ru.sfedu.hospital2.lab3.MappedSuperClass.HibernateDataProviderTest" name="testCreateMedicalInsuranceFail" time="0.924"/>
  <testcase classname="ru.sfedu.hospital2.lab3.MappedSuperClass.HibernateDataProviderTest" name="testCreateHospitalizationFail" time="0.25"/>
</testsuite>