<?xml version="1.0" encoding="UTF-8" ?>
<testsuite tests="21" failures="0" name="ru.sfedu.hospital2.lab4.model.HospitalTest" time="12.67" errors="0" skipped="0">
  <properties>
    <property name="java.runtime.name" value="OpenJDK Runtime Environment"/>
    <property name="java.vm.version" value="12.0.1+12"/>
    <property name="sun.boot.library.path" value="C:\Program Files (x86)\Java\jdk-12.0.1\bin"/>
    <property name="maven.multiModuleProjectDirectory" value="E:\Liza\Documents\NetBeansProjects\hospital2"/>
    <property name="java.vm.vendor" value="Oracle Corporation"/>
    <property name="java.vendor.url" value="https://java.oracle.com/"/>
    <property name="guice.disable.misplaced.annotation.check" value="true"/>
    <property name="path.separator" value=";"/>
    <property name="java.vm.name" value="OpenJDK 64-Bit Server VM"/>
    <property name="sun.os.patch.level" value=""/>
    <property name="user.script" value=""/>
    <property name="user.country" value="RU"/>
    <property name="sun.java.launcher" value="SUN_STANDARD"/>
    <property name="java.vm.specification.name" value="Java Virtual Machine Specification"/>
    <property name="user.dir" value="E:\Liza\Documents\NetBeansProjects\hospital2"/>
    <property name="java.vm.compressedOopsMode" value="32-bit"/>
    <property name="java.runtime.version" value="12.0.1+12"/>
    <property name="java.awt.graphicsenv" value="sun.awt.Win32GraphicsEnvironment"/>
    <property name="os.arch" value="amd64"/>
    <property name="java.io.tmpdir" value="C:\Users\Liza\AppData\Local\Temp\"/>
    <property name="line.separator" value="
"/>
    <property name="java.vm.specification.vendor" value="Oracle Corporation"/>
    <property name="user.variant" value=""/>
    <property name="os.name" value="Windows 10"/>
    <property name="maven.ext.class.path" value="C:\Program Files\NetBeans-12.0\netbeans\java\maven-nblib\netbeans-eventspy.jar"/>
    <property name="classworlds.conf" value="C:\Program Files\NetBeans-12.0\netbeans\java\maven\bin\..\bin\m2.conf"/>
    <property name="sun.jnu.encoding" value="Cp1251"/>
    <property name="java.library.path" value="C:\Program Files (x86)\Java\jdk-12.0.1\bin;C:\WINDOWS\Sun\Java\bin;C:\WINDOWS\system32;C:\WINDOWS;C:\Program Files (x86)\Java\jdk-12.0.1\bin;C:\Program Files (x86)\Common Files\Oracle\Java\javapath;C:\WINDOWS\system32;C:\WINDOWS;C:\WINDOWS\System32\Wbem;C:\WINDOWS\System32\WindowsPowerShell\v1.0\;C:\Program Files\Microsoft SQL Server\130\Tools\Binn\;C:\Program Files\dotnet\;C:\WINDOWS\System32\OpenSSH\;C:\Program Files\Microsoft SQL Server\Client SDK\ODBC\130\Tools\Binn\;C:\Program Files (x86)\Microsoft SQL Server\140\Tools\Binn\;C:\Program Files\Microsoft SQL Server\140\Tools\Binn\;C:\Program Files\Microsoft SQL Server\140\DTS\Binn\;C:\Program Files (x86)\Microsoft SQL Server\150\DTS\Binn\;E:\Program Files\Git\cmd;C:\Users\Liza\AppData\Local\Programs\Python\Python38-32\Scripts\;C:\Users\Liza\AppData\Local\Programs\Python\Python38-32\;C:\Users\Liza\AppData\Local\Microsoft\WindowsApps;;."/>
    <property name="maven.conf" value="C:\Program Files\NetBeans-12.0\netbeans\java\maven\bin\../conf"/>
    <property name="jdk.debug" value="release"/>
    <property name="java.class.version" value="56.0"/>
    <property name="java.specification.name" value="Java Platform API Specification"/>
    <property name="sun.management.compiler" value="HotSpot 64-Bit Tiered Compilers"/>
    <property name="os.version" value="10.0"/>
    <property name="library.jansi.path" value="C:\Program Files\NetBeans-12.0\netbeans\java\maven\bin\..\lib\jansi-native"/>
    <property name="user.home" value="C:\Users\Liza"/>
    <property name="user.timezone" value="Europe/Moscow"/>
    <property name="file.encoding" value="UTF-8"/>
    <property name="java.specification.version" value="12"/>
    <property name="user.name" value="Liza"/>
    <property name="java.class.path" value="C:\Program Files\NetBeans-12.0\netbeans\java\maven\bin\..\boot\plexus-classworlds-2.6.0.jar"/>
    <property name="java.vm.specification.version" value="12"/>
    <property name="sun.arch.data.model" value="64"/>
    <property name="sun.java.command" value="org.codehaus.plexus.classworlds.launcher.Launcher -Dmaven.ext.class.path=C:\Program Files\NetBeans-12.0\netbeans\java\maven-nblib\netbeans-eventspy.jar -Dfile.encoding=UTF-8 clean install"/>
    <property name="java.home" value="C:\Program Files (x86)\Java\jdk-12.0.1"/>
    <property name="user.language" value="ru"/>
    <property name="java.specification.vendor" value="Oracle Corporation"/>
    <property name="awt.toolkit" value="sun.awt.windows.WToolkit"/>
    <property name="java.vm.info" value="mixed mode, sharing"/>
    <property name="java.version" value="12.0.1"/>
    <property name="java.vendor" value="Oracle Corporation"/>
    <property name="maven.home" value="C:\Program Files\NetBeans-12.0\netbeans\java\maven\bin\.."/>
    <property name="file.separator" value="\"/>
    <property name="java.version.date" value="2019-04-16"/>
    <property name="java.vendor.url.bug" value="https://bugreport.java.com/bugreport/"/>
    <property name="sun.io.unicode.encoding" value="UnicodeLittle"/>
    <property name="sun.cpu.endian" value="little"/>
    <property name="sun.desktop" value="windows"/>
    <property name="sun.cpu.isalist" value="amd64"/>
  </properties>
  <testcase classname="ru.sfedu.hospital2.lab4.model.HospitalTest" name="updateMap" time="2.391"/>
  <testcase classname="ru.sfedu.hospital2.lab4.model.HospitalTest" name="updateSet" time="0.781"/>
  <testcase classname="ru.sfedu.hospital2.lab4.model.HospitalTest" name="getSetComp" time="0.25"/>
  <testcase classname="ru.sfedu.hospital2.lab4.model.HospitalTest" name="getMap" time="0.329"/>
  <testcase classname="ru.sfedu.hospital2.lab4.model.HospitalTest" name="getSet" time="0.328"/>
  <testcase classname="ru.sfedu.hospital2.lab4.model.HospitalTest" name="updateMapComp" time="0.652"/>
  <testcase classname="ru.sfedu.hospital2.lab4.model.HospitalTest" name="insertMap" time="0.281"/>
  <testcase classname="ru.sfedu.hospital2.lab4.model.HospitalTest" name="insertSet" time="1.006"/>
  <testcase classname="ru.sfedu.hospital2.lab4.model.HospitalTest" name="deleteMap" time="0.141"/>
  <testcase classname="ru.sfedu.hospital2.lab4.model.HospitalTest" name="deleteSet" time="0.937"/>
  <testcase classname="ru.sfedu.hospital2.lab4.model.HospitalTest" name="updateList" time="0.672"/>
  <testcase classname="ru.sfedu.hospital2.lab4.model.HospitalTest" name="getList" time="0.078"/>
  <testcase classname="ru.sfedu.hospital2.lab4.model.HospitalTest" name="insertMapComp" time="1"/>
  <testcase classname="ru.sfedu.hospital2.lab4.model.HospitalTest" name="updateSetComp" time="0.156"/>
  <testcase classname="ru.sfedu.hospital2.lab4.model.HospitalTest" name="deleteMapComp" time="0.906"/>
  <testcase classname="ru.sfedu.hospital2.lab4.model.HospitalTest" name="insertList" time="0.11"/>
  <testcase classname="ru.sfedu.hospital2.lab4.model.HospitalTest" name="insertSetComp" time="0.565"/>
  <testcase classname="ru.sfedu.hospital2.lab4.model.HospitalTest" name="deleteList" time="0.156"/>
  <testcase classname="ru.sfedu.hospital2.lab4.model.HospitalTest" name="deleteSetComp" time="0.717"/>
  <testcase classname="ru.sfedu.hospital2.lab4.model.HospitalTest" name="getMapComp" time="1.094"/>
  <testcase classname="ru.sfedu.hospital2.lab4.model.HospitalTest" name="deleteHospital" time="0.12"/>
</testsuite>